{
  "RSpec": {
    "coverage": {
      "/Users/dvmac3/rails/dv_projects/rails/futureandhra/app/models/user.rb": [
        1,
        1,
        1,
        null,
        null,
        null,
        1,
        null,
        null,
        1,
        0,
        0,
        0,
        0,
        0,
        0,
        null,
        null,
        null,
        1,
        0,
        0,
        0,
        0,
        null,
        null,
        0,
        null,
        null,
        null,
        1,
        2,
        null,
        null,
        1,
        1,
        null,
        null,
        1,
        0,
        0,
        null,
        null
      ],
      "/Users/dvmac3/rails/dv_projects/rails/futureandhra/app/helpers/admin/activities_helper.rb": [
        1,
        1,
        0,
        0,
        null,
        0,
        0,
        null,
        null,
        null
      ],
      "/Users/dvmac3/rails/dv_projects/rails/futureandhra/app/helpers/application_helper.rb": [
        1,
        null,
        1,
        0,
        0,
        null,
        0,
        null,
        null,
        null,
        1,
        0,
        0,
        0,
        0,
        null,
        null,
        null,
        1,
        1,
        null,
        null
      ],
      "/Users/dvmac3/rails/dv_projects/rails/futureandhra/app/helpers/homes_helper.rb": [
        1,
        null
      ],
      "/Users/dvmac3/rails/dv_projects/rails/futureandhra/app/helpers/omniauth_callbacks_helper.rb": [
        1,
        null
      ],
      "/Users/dvmac3/rails/dv_projects/rails/futureandhra/app/helpers/surveys_helper.rb": [
        1,
        1,
        0,
        0,
        0,
        null,
        null,
        1,
        0,
        null,
        null,
        1,
        0,
        null,
        null,
        1,
        0,
        0,
        null,
        null,
        1,
        0,
        null,
        0,
        null,
        0,
        null,
        0,
        null,
        null,
        null
      ],
      "/Users/dvmac3/rails/dv_projects/rails/futureandhra/app/controllers/admin/activities_controller.rb": [
        1,
        1,
        null,
        1,
        0,
        0,
        0,
        0,
        0,
        0,
        0,
        0,
        null,
        null,
        1,
        null,
        1,
        0,
        0,
        null,
        0,
        null,
        null,
        null
      ],
      "/Users/dvmac3/rails/dv_projects/rails/futureandhra/app/controllers/application_controller.rb": [
        1,
        null,
        null,
        1,
        null
      ],
      "/Users/dvmac3/rails/dv_projects/rails/futureandhra/app/controllers/homes_controller.rb": [
        1,
        1,
        2,
        null,
        2,
        2,
        null,
        null,
        2,
        2,
        null,
        2,
        2,
        null,
        null,
        2,
        2,
        2,
        null,
        null,
        2,
        null,
        null
      ],
      "/Users/dvmac3/rails/dv_projects/rails/futureandhra/app/controllers/omniauth_callbacks_controller.rb": [
        1,
        null,
        1,
        0,
        0,
        0,
        null,
        0,
        0,
        null,
        null,
        1,
        null
      ],
      "/Users/dvmac3/rails/dv_projects/rails/futureandhra/app/controllers/surveys_controller.rb": [
        1,
        1,
        null,
        1,
        0,
        0,
        null,
        null,
        1,
        0,
        0,
        0,
        0,
        0,
        0,
        null,
        0,
        null,
        null,
        null,
        1,
        null,
        1,
        0,
        null,
        null
      ],
      "/Users/dvmac3/rails/dv_projects/rails/futureandhra/app/models/activity.rb": [
        1,
        1,
        null,
        1,
        2,
        2,
        null,
        2,
        2,
        2,
        2,
        2,
        2,
        2,
        null,
        null,
        null,
        2,
        null,
        null,
        null,
        null,
        null,
        null,
        null,
        null,
        null
      ],
      "/Users/dvmac3/rails/dv_projects/rails/futureandhra/app/models/ap_district.rb": [
        1,
        1,
        7,
        null,
        null,
        1,
        7,
        null,
        null,
        1,
        0,
        null,
        null
      ],
      "/Users/dvmac3/rails/dv_projects/rails/futureandhra/app/models/content.rb": [
        1,
        null
      ],
      "/Users/dvmac3/rails/dv_projects/rails/futureandhra/app/models/india_state.rb": [
        1,
        null
      ],
      "/Users/dvmac3/rails/dv_projects/rails/futureandhra/app/models/survey.rb": [
        1,
        1,
        null,
        1,
        1,
        1,
        1,
        1,
        1,
        null,
        7,
        7,
        1,
        7,
        null,
        1,
        0,
        null,
        null,
        1,
        0,
        null,
        null,
        1,
        2,
        2,
        2,
        2,
        2,
        2,
        2,
        2,
        null,
        2,
        null,
        null,
        1,
        4,
        4,
        4,
        null,
        4,
        4,
        null,
        4,
        4,
        null,
        4,
        4,
        null,
        4,
        null,
        null,
        1,
        2,
        2,
        null,
        2,
        null,
        2,
        2,
        null,
        2,
        2,
        null,
        2,
        2,
        null,
        2,
        null,
        null,
        1,
        2,
        2,
        null,
        2,
        null,
        2,
        2,
        2,
        null,
        2,
        2,
        2,
        null,
        2,
        2,
        2,
        null,
        2,
        null,
        null,
        1,
        2,
        2,
        null,
        2,
        null,
        2,
        2,
        null,
        2,
        2,
        null,
        2,
        2,
        null,
        2,
        null,
        null,
        1,
        2,
        2,
        null,
        2,
        null,
        2,
        2,
        2,
        null,
        2,
        2,
        2,
        null,
        2,
        2,
        2,
        null,
        2,
        null,
        null,
        1,
        2,
        2,
        null,
        2,
        2,
        null,
        2,
        2,
        null,
        2,
        2,
        null,
        2,
        null,
        null,
        1,
        2,
        2,
        null,
        2,
        2,
        null,
        2,
        2,
        null,
        2,
        2,
        null,
        2,
        null,
        null,
        1,
        2,
        2,
        null,
        2,
        2,
        null,
        2,
        2,
        null,
        2,
        2,
        null,
        2,
        null,
        null
      ]
    },
    "timestamp": 1383140019
  }
}
